  [1m[36mSQL (0.2ms)[0m  [1mSHOW TABLES[0m
  [1m[35mSQL (0.1ms)[0m  SHOW TABLES
  [1m[36mSQL (0.1ms)[0m  [1mSELECT `schema_migrations`.`version` FROM `schema_migrations`[0m
Migrating to CreateClientes (20110407133252)
  [1m[36mSQL (0.2ms)[0m  [1mSHOW TABLES[0m
  [1m[35mSQL (0.2ms)[0m  SHOW TABLES
  [1m[36mSQL (0.1ms)[0m  [1mSELECT `schema_migrations`.`version` FROM `schema_migrations`[0m
Migrating to CreateClientes (20110407133252)
  [1m[35mSQL (134.6ms)[0m  CREATE TABLE `clientes` (`id` int(11) DEFAULT NULL auto_increment PRIMARY KEY, `cli_cpf` varchar(255), `cid_codigo` int(11), `est_codigo` int(11), `cli_nome` varchar(255), `created_at` datetime, `updated_at` datetime) ENGINE=InnoDB
  [1m[36mSQL (40.7ms)[0m  [1mINSERT INTO `schema_migrations` (`version`) VALUES ('20110407133252')[0m
  [1m[35mSQL (0.2ms)[0m  SHOW TABLES
  [1m[36mSQL (0.1ms)[0m  [1mSELECT `schema_migrations`.`version` FROM `schema_migrations`[0m
  [1m[35mSQL (0.1ms)[0m  SHOW TABLES
  [1m[36mSQL (0.3ms)[0m  [1mdescribe `clientes`[0m
  [1m[35mSQL (0.1ms)[0m  SHOW KEYS FROM `clientes`
  [1m[36mSQL (0.2ms)[0m  [1mSHOW TABLES[0m
  [1m[35mSQL (0.1ms)[0m  SHOW TABLES
  [1m[36mSQL (0.1ms)[0m  [1mSELECT `schema_migrations`.`version` FROM `schema_migrations`[0m
Migrating to CreateClientes (20110407133252)
Migrating to CreateCidades (20110407134401)
  [1m[35mSQL (107.3ms)[0m  CREATE TABLE `cidades` (`id` int(11) DEFAULT NULL auto_increment PRIMARY KEY, `cid_codigo` int(11), `est_codigo` int(11), `cid_nome` varchar(255), `created_at` datetime, `updated_at` datetime) ENGINE=InnoDB
  [1m[36mSQL (48.9ms)[0m  [1mINSERT INTO `schema_migrations` (`version`) VALUES ('20110407134401')[0m
  [1m[35mSQL (0.3ms)[0m  SHOW TABLES
  [1m[36mSQL (0.1ms)[0m  [1mSELECT `schema_migrations`.`version` FROM `schema_migrations`[0m
  [1m[35mSQL (0.1ms)[0m  SHOW TABLES
  [1m[36mSQL (0.3ms)[0m  [1mdescribe `cidades`[0m
  [1m[35mSQL (0.2ms)[0m  SHOW KEYS FROM `cidades`
  [1m[36mSQL (0.4ms)[0m  [1mdescribe `clientes`[0m
  [1m[35mSQL (0.2ms)[0m  SHOW KEYS FROM `clientes`


Started GET "/cidades" for 127.0.0.1 at 2011-04-07 10:45:13 -0300
  Processing by CidadesController#index as HTML
  [1m[36mCidade Load (0.3ms)[0m  [1mSELECT `cidades`.* FROM `cidades`[0m
Rendered cidades/index.html.erb within layouts/application (2.3ms)
Completed 200 OK in 86ms (Views: 5.5ms | ActiveRecord: 0.3ms)


Started GET "/clientes" for 127.0.0.1 at 2011-04-07 10:45:18 -0300
  Processing by ClientesController#index as HTML
  [1m[35mCliente Load (0.3ms)[0m  SELECT `clientes`.* FROM `clientes`
Rendered clientes/index.html.erb within layouts/application (2.1ms)
Completed 200 OK in 10ms (Views: 5.1ms | ActiveRecord: 0.3ms)


Started GET "/clientes/new" for 127.0.0.1 at 2011-04-07 10:45:22 -0300
  Processing by ClientesController#new as HTML
Rendered clientes/_form.html.erb (32.0ms)
Rendered clientes/new.html.erb within layouts/application (34.8ms)
Completed 200 OK in 45ms (Views: 37.8ms | ActiveRecord: 0.0ms)


Started GET "/cidades/new" for 127.0.0.1 at 2011-04-07 10:45:29 -0300
  Processing by CidadesController#new as HTML
Rendered cidades/_form.html.erb (6.4ms)
Rendered cidades/new.html.erb within layouts/application (9.1ms)
Completed 200 OK in 18ms (Views: 12.1ms | ActiveRecord: 0.0ms)


Started GET "/cidades" for 127.0.0.1 at 2011-04-07 10:45:31 -0300
  Processing by CidadesController#index as HTML
  [1m[36mCidade Load (0.2ms)[0m  [1mSELECT `cidades`.* FROM `cidades`[0m
Rendered cidades/index.html.erb within layouts/application (2.0ms)
Completed 200 OK in 11ms (Views: 5.5ms | ActiveRecord: 0.2ms)


Started GET "/cidades/new" for 127.0.0.1 at 2011-04-07 10:49:26 -0300
  Processing by CidadesController#new as HTML
Rendered cidades/_form.html.erb (31.9ms)
Rendered cidades/new.html.erb within layouts/application (34.6ms)
Completed 200 OK in 43ms (Views: 37.4ms | ActiveRecord: 0.0ms)


Started POST "/cidades" for 127.0.0.1 at 2011-04-07 10:49:39 -0300
  Processing by CidadesController#create as HTML
  Parameters: {"utf8"=>"✓", "authenticity_token"=>"MEuWvFQ1w+M51bVVbY4XzLuTtiJ1xaoi8jY9XLuJvxA=", "cidade"=>{"cid_codigo"=>"fiyfy", "est_codigo"=>"flhgl", "cid_nome"=>"foii"}, "commit"=>"Create Cidade"}
  [1m[35mSQL (0.1ms)[0m  BEGIN
  [1m[36mSQL (0.2ms)[0m  [1mSHOW TABLES[0m
  [1m[35mSQL (0.4ms)[0m  describe `cidades`
  [1m[36mAREL (0.2ms)[0m  [1mINSERT INTO `cidades` (`cid_codigo`, `est_codigo`, `cid_nome`, `created_at`, `updated_at`) VALUES (0, 0, 'foii', '2011-04-07 13:49:39', '2011-04-07 13:49:39')[0m
  [1m[35mSQL (38.8ms)[0m  COMMIT
Redirected to http://localhost:3000/cidades/1
Completed 302 Found in 78ms


Started GET "/cidades/1" for 127.0.0.1 at 2011-04-07 10:49:39 -0300
  Processing by CidadesController#show as HTML
  Parameters: {"id"=>"1"}
  [1m[36mCidade Load (0.2ms)[0m  [1mSELECT `cidades`.* FROM `cidades` WHERE `cidades`.`id` = 1 LIMIT 1[0m
Rendered cidades/show.html.erb within layouts/application (7.0ms)
Completed 200 OK in 17ms (Views: 10.1ms | ActiveRecord: 0.2ms)


Started GET "/cidades/1/edit" for 127.0.0.1 at 2011-04-07 10:49:49 -0300
  Processing by CidadesController#edit as HTML
  Parameters: {"id"=>"1"}
  [1m[35mCidade Load (0.1ms)[0m  SELECT `cidades`.* FROM `cidades` WHERE `cidades`.`id` = 1 LIMIT 1
Rendered cidades/_form.html.erb (7.2ms)
Rendered cidades/edit.html.erb within layouts/application (10.3ms)
Completed 200 OK in 20ms (Views: 13.3ms | ActiveRecord: 0.1ms)


Started GET "/cidades" for 127.0.0.1 at 2011-04-07 10:49:52 -0300
  Processing by CidadesController#index as HTML
  [1m[36mCidade Load (0.3ms)[0m  [1mSELECT `cidades`.* FROM `cidades`[0m
Rendered cidades/index.html.erb within layouts/application (7.3ms)
Completed 200 OK in 16ms (Views: 10.2ms | ActiveRecord: 0.3ms)


Started GET "/cidades/1" for 127.0.0.1 at 2011-04-07 10:49:56 -0300
  Processing by CidadesController#show as HTML
  Parameters: {"id"=>"1"}
  [1m[35mCidade Load (0.1ms)[0m  SELECT `cidades`.* FROM `cidades` WHERE `cidades`.`id` = 1 LIMIT 1
Rendered cidades/show.html.erb within layouts/application (6.1ms)
Completed 200 OK in 15ms (Views: 9.0ms | ActiveRecord: 0.1ms)


Started GET "/cidades" for 127.0.0.1 at 2011-04-07 10:49:58 -0300
  Processing by CidadesController#index as HTML
  [1m[36mCidade Load (0.1ms)[0m  [1mSELECT `cidades`.* FROM `cidades`[0m
Rendered cidades/index.html.erb within layouts/application (7.3ms)
Completed 200 OK in 16ms (Views: 10.2ms | ActiveRecord: 0.1ms)


Started POST "/cidades/1" for 127.0.0.1 at 2011-04-07 10:50:20 -0300
  Processing by CidadesController#destroy as HTML
  Parameters: {"authenticity_token"=>"MEuWvFQ1w+M51bVVbY4XzLuTtiJ1xaoi8jY9XLuJvxA=", "id"=>"1"}
  [1m[35mCidade Load (0.2ms)[0m  SELECT `cidades`.* FROM `cidades` WHERE `cidades`.`id` = 1 LIMIT 1
  [1m[36mSQL (0.1ms)[0m  [1mBEGIN[0m
  [1m[35mAREL (0.2ms)[0m  DELETE FROM `cidades` WHERE `cidades`.`id` = 1
  [1m[36mSQL (79.8ms)[0m  [1mCOMMIT[0m
Redirected to http://localhost:3000/cidades
Completed 302 Found in 95ms


Started GET "/cidades" for 127.0.0.1 at 2011-04-07 10:50:20 -0300
  Processing by CidadesController#index as HTML
  [1m[35mCidade Load (0.2ms)[0m  SELECT `cidades`.* FROM `cidades`
Rendered cidades/index.html.erb within layouts/application (2.1ms)
Completed 200 OK in 11ms (Views: 5.1ms | ActiveRecord: 0.2ms)


Started GET "/cidades" for 127.0.0.1 at 2011-04-07 11:16:57 -0300
  Processing by CidadesController#index as HTML
  [1m[36mCidade Load (0.1ms)[0m  [1mSELECT `cidades`.* FROM `cidades`[0m
Rendered cidades/index.html.erb within layouts/application (2.2ms)
Completed 200 OK in 12ms (Views: 5.1ms | ActiveRecord: 0.1ms)


Started GET "/cidades/new" for 127.0.0.1 at 2011-04-07 11:16:58 -0300
  Processing by CidadesController#new as HTML
Rendered cidades/_form.html.erb (6.1ms)
Rendered cidades/new.html.erb within layouts/application (8.6ms)
Completed 200 OK in 18ms (Views: 11.4ms | ActiveRecord: 0.0ms)


Started POST "/cidades" for 127.0.0.1 at 2011-04-07 11:17:01 -0300
  Processing by CidadesController#create as HTML
  Parameters: {"utf8"=>"✓", "authenticity_token"=>"MEuWvFQ1w+M51bVVbY4XzLuTtiJ1xaoi8jY9XLuJvxA=", "cidade"=>{"cid_codigo"=>"dd", "est_codigo"=>"d", "cid_nome"=>""}, "commit"=>"Create Cidade"}
  [1m[35mSQL (0.1ms)[0m  BEGIN
  [1m[36mSQL (0.1ms)[0m  [1mROLLBACK[0m
Rendered cidades/_form.html.erb (5.8ms)
Rendered cidades/new.html.erb within layouts/application (8.5ms)
Completed 200 OK in 51ms (Views: 12.3ms | ActiveRecord: 0.2ms)


Started POST "/cidades" for 127.0.0.1 at 2011-04-07 11:17:15 -0300
  Processing by CidadesController#create as HTML
  Parameters: {"utf8"=>"✓", "authenticity_token"=>"MEuWvFQ1w+M51bVVbY4XzLuTtiJ1xaoi8jY9XLuJvxA=", "cidade"=>{"cid_codigo"=>"0", "est_codigo"=>"d", "cid_nome"=>""}, "commit"=>"Create Cidade"}
  [1m[35mSQL (0.1ms)[0m  BEGIN
  [1m[36mSQL (0.1ms)[0m  [1mROLLBACK[0m
Rendered cidades/_form.html.erb (4.9ms)
Rendered cidades/new.html.erb within layouts/application (7.5ms)
Completed 200 OK in 25ms (Views: 10.4ms | ActiveRecord: 0.2ms)


Started POST "/cidades" for 127.0.0.1 at 2011-04-07 11:17:21 -0300
  Processing by CidadesController#create as HTML
  Parameters: {"utf8"=>"✓", "authenticity_token"=>"MEuWvFQ1w+M51bVVbY4XzLuTtiJ1xaoi8jY9XLuJvxA=", "cidade"=>{"cid_codigo"=>"0", "est_codigo"=>"0", "cid_nome"=>""}, "commit"=>"Create Cidade"}
  [1m[35mSQL (0.1ms)[0m  BEGIN
  [1m[36mSQL (0.1ms)[0m  [1mROLLBACK[0m
Rendered cidades/_form.html.erb (3.7ms)
Rendered cidades/new.html.erb within layouts/application (6.3ms)
Completed 200 OK in 50ms (Views: 9.2ms | ActiveRecord: 0.2ms)


Started POST "/cidades" for 127.0.0.1 at 2011-04-07 11:17:23 -0300
  Processing by CidadesController#create as HTML
  Parameters: {"utf8"=>"✓", "authenticity_token"=>"MEuWvFQ1w+M51bVVbY4XzLuTtiJ1xaoi8jY9XLuJvxA=", "cidade"=>{"cid_codigo"=>"0", "est_codigo"=>"0", "cid_nome"=>"ffff"}, "commit"=>"Create Cidade"}
  [1m[35mSQL (0.1ms)[0m  BEGIN
  [1m[36mSQL (0.3ms)[0m  [1mdescribe `cidades`[0m
  [1m[35mAREL (0.2ms)[0m  INSERT INTO `cidades` (`cid_codigo`, `est_codigo`, `cid_nome`, `created_at`, `updated_at`) VALUES (0, 0, 'ffff', '2011-04-07 14:17:23', '2011-04-07 14:17:23')
  [1m[36mSQL (40.3ms)[0m  [1mCOMMIT[0m
Redirected to http://localhost:3000/cidades/2
Completed 302 Found in 56ms


Started GET "/cidades/2" for 127.0.0.1 at 2011-04-07 11:17:23 -0300
  Processing by CidadesController#show as HTML
  Parameters: {"id"=>"2"}
  [1m[35mCidade Load (0.2ms)[0m  SELECT `cidades`.* FROM `cidades` WHERE `cidades`.`id` = 2 LIMIT 1
Rendered cidades/show.html.erb within layouts/application (35.4ms)
Completed 200 OK in 46ms (Views: 38.3ms | ActiveRecord: 0.2ms)


Started GET "/cidades" for 127.0.0.1 at 2011-04-07 11:17:25 -0300
  Processing by CidadesController#index as HTML
  [1m[36mCidade Load (0.3ms)[0m  [1mSELECT `cidades`.* FROM `cidades`[0m
Rendered cidades/index.html.erb within layouts/application (7.6ms)
Completed 200 OK in 19ms (Views: 10.7ms | ActiveRecord: 0.3ms)


Started GET "/cidades/new" for 127.0.0.1 at 2011-04-07 11:19:34 -0300
  Processing by CidadesController#new as HTML
Rendered cidades/_form.html.erb (32.9ms)
Rendered cidades/new.html.erb within layouts/application (35.7ms)
Completed 200 OK in 46ms (Views: 38.6ms | ActiveRecord: 0.0ms)


Started POST "/cidades" for 127.0.0.1 at 2011-04-07 11:19:40 -0300
  Processing by CidadesController#create as HTML
  Parameters: {"utf8"=>"✓", "authenticity_token"=>"MEuWvFQ1w+M51bVVbY4XzLuTtiJ1xaoi8jY9XLuJvxA=", "cidade"=>{"cid_codigo"=>"f", "est_codigo"=>"dsfs", "cid_nome"=>"sdfs"}, "commit"=>"Create Cidade"}
  [1m[35mSQL (0.1ms)[0m  BEGIN
  [1m[36mSQL (0.1ms)[0m  [1mROLLBACK[0m
Rendered cidades/_form.html.erb (4.9ms)
Rendered cidades/new.html.erb within layouts/application (7.6ms)
Completed 200 OK in 24ms (Views: 10.5ms | ActiveRecord: 0.1ms)


Started POST "/cidades" for 127.0.0.1 at 2011-04-07 11:19:43 -0300
  Processing by CidadesController#create as HTML
  Parameters: {"utf8"=>"✓", "authenticity_token"=>"MEuWvFQ1w+M51bVVbY4XzLuTtiJ1xaoi8jY9XLuJvxA=", "cidade"=>{"cid_codigo"=>"f", "est_codigo"=>"0", "cid_nome"=>"sdfs"}, "commit"=>"Create Cidade"}
  [1m[35mSQL (0.1ms)[0m  BEGIN
  [1m[36mSQL (0.1ms)[0m  [1mROLLBACK[0m
Rendered cidades/_form.html.erb (3.6ms)
Rendered cidades/new.html.erb within layouts/application (6.2ms)
Completed 200 OK in 49ms (Views: 9.1ms | ActiveRecord: 0.2ms)
  [1m[36mSQL (0.2ms)[0m  [1mSHOW TABLES[0m
  [1m[35mSQL (0.2ms)[0m  SHOW TABLES
  [1m[36mSQL (0.1ms)[0m  [1mSELECT `schema_migrations`.`version` FROM `schema_migrations`[0m
Migrating to CreateClientes (20110407133252)
Migrating to CreateCidades (20110407134401)
  [1m[35mSQL (0.3ms)[0m  SHOW TABLES
  [1m[36mSQL (0.1ms)[0m  [1mSELECT `schema_migrations`.`version` FROM `schema_migrations`[0m
  [1m[35mSQL (0.1ms)[0m  SHOW TABLES
  [1m[36mSQL (0.3ms)[0m  [1mdescribe `cidades`[0m
  [1m[35mSQL (0.2ms)[0m  SHOW KEYS FROM `cidades`
  [1m[36mSQL (0.3ms)[0m  [1mdescribe `clientes`[0m
  [1m[35mSQL (0.1ms)[0m  SHOW KEYS FROM `clientes`


Started GET "/cidades" for 127.0.0.1 at 2011-04-07 11:27:56 -0300
  Processing by CidadesController#index as HTML
  [1m[35mCidade Load (0.1ms)[0m  SELECT `cidades`.* FROM `cidades`
Rendered cidades/index.html.erb within layouts/application (7.3ms)
Completed 200 OK in 17ms (Views: 10.2ms | ActiveRecord: 0.1ms)


Started GET "/cidades/2" for 127.0.0.1 at 2011-04-07 11:27:57 -0300
  Processing by CidadesController#show as HTML
  Parameters: {"id"=>"2"}
  [1m[36mCidade Load (0.1ms)[0m  [1mSELECT `cidades`.* FROM `cidades` WHERE `cidades`.`id` = 2 LIMIT 1[0m
Rendered cidades/show.html.erb within layouts/application (6.4ms)
Completed 200 OK in 18ms (Views: 9.4ms | ActiveRecord: 0.1ms)


Started GET "/cidades" for 127.0.0.1 at 2011-04-07 11:28:00 -0300
  Processing by CidadesController#index as HTML
  [1m[35mCidade Load (0.1ms)[0m  SELECT `cidades`.* FROM `cidades`
Rendered cidades/index.html.erb within layouts/application (7.3ms)
Completed 200 OK in 17ms (Views: 10.2ms | ActiveRecord: 0.1ms)


Started GET "/cidades/new" for 127.0.0.1 at 2011-04-07 11:28:01 -0300
  Processing by CidadesController#new as HTML
Rendered cidades/_form.html.erb (6.4ms)
Rendered cidades/new.html.erb within layouts/application (9.0ms)
Completed 200 OK in 46ms (Views: 11.9ms | ActiveRecord: 0.0ms)


Started POST "/cidades" for 127.0.0.1 at 2011-04-07 11:28:06 -0300
  Processing by CidadesController#create as HTML
  Parameters: {"utf8"=>"✓", "authenticity_token"=>"MEuWvFQ1w+M51bVVbY4XzLuTtiJ1xaoi8jY9XLuJvxA=", "cidade"=>{"cid_codigo"=>"o", "est_codigo"=>"o", "cid_nome"=>"oooo"}, "commit"=>"Create Cidade"}
  [1m[36mSQL (0.1ms)[0m  [1mBEGIN[0m
  [1m[35mSQL (0.1ms)[0m  ROLLBACK
Rendered cidades/_form.html.erb (5.4ms)
Rendered cidades/new.html.erb within layouts/application (8.0ms)
Completed 200 OK in 24ms (Views: 10.9ms | ActiveRecord: 0.1ms)


Started POST "/cidades" for 127.0.0.1 at 2011-04-07 11:28:18 -0300
  Processing by CidadesController#create as HTML
  Parameters: {"utf8"=>"✓", "authenticity_token"=>"MEuWvFQ1w+M51bVVbY4XzLuTtiJ1xaoi8jY9XLuJvxA=", "cidade"=>{"cid_codigo"=>"0", "est_codigo"=>"0", "cid_nome"=>"oooo"}, "commit"=>"Create Cidade"}
  [1m[36mSQL (0.1ms)[0m  [1mBEGIN[0m
  [1m[35mSQL (0.3ms)[0m  describe `cidades`
  [1m[36mAREL (0.2ms)[0m  [1mINSERT INTO `cidades` (`cid_codigo`, `est_codigo`, `cid_nome`, `created_at`, `updated_at`) VALUES (0, 0, 'oooo', '2011-04-07 14:28:18', '2011-04-07 14:28:18')[0m
  [1m[35mSQL (41.8ms)[0m  COMMIT
Redirected to http://localhost:3000/cidades/3
Completed 302 Found in 57ms


Started GET "/cidades/3" for 127.0.0.1 at 2011-04-07 11:28:18 -0300
  Processing by CidadesController#show as HTML
  Parameters: {"id"=>"3"}
  [1m[36mCidade Load (0.2ms)[0m  [1mSELECT `cidades`.* FROM `cidades` WHERE `cidades`.`id` = 3 LIMIT 1[0m
Rendered cidades/show.html.erb within layouts/application (7.2ms)
Completed 200 OK in 19ms (Views: 10.6ms | ActiveRecord: 0.2ms)


Started GET "/cidades" for 127.0.0.1 at 2011-04-07 11:28:22 -0300
  Processing by CidadesController#index as HTML
  [1m[35mCidade Load (0.2ms)[0m  SELECT `cidades`.* FROM `cidades`
Rendered cidades/index.html.erb within layouts/application (34.9ms)
Completed 200 OK in 45ms (Views: 37.9ms | ActiveRecord: 0.2ms)


Started GET "/cidades/new" for 127.0.0.1 at 2011-04-07 11:28:24 -0300
  Processing by CidadesController#new as HTML
Rendered cidades/_form.html.erb (6.1ms)
Rendered cidades/new.html.erb within layouts/application (8.7ms)
Completed 200 OK in 19ms (Views: 11.5ms | ActiveRecord: 0.0ms)


Started POST "/cidades" for 127.0.0.1 at 2011-04-07 11:28:28 -0300
  Processing by CidadesController#create as HTML
  Parameters: {"utf8"=>"✓", "authenticity_token"=>"MEuWvFQ1w+M51bVVbY4XzLuTtiJ1xaoi8jY9XLuJvxA=", "cidade"=>{"cid_codigo"=>"0", "est_codigo"=>"0", "cid_nome"=>"0"}, "commit"=>"Create Cidade"}
  [1m[36mSQL (0.2ms)[0m  [1mBEGIN[0m
  [1m[35mSQL (0.4ms)[0m  describe `cidades`
  [1m[36mAREL (0.2ms)[0m  [1mINSERT INTO `cidades` (`cid_codigo`, `est_codigo`, `cid_nome`, `created_at`, `updated_at`) VALUES (0, 0, '0', '2011-04-07 14:28:28', '2011-04-07 14:28:28')[0m
  [1m[35mSQL (57.1ms)[0m  COMMIT
Redirected to http://localhost:3000/cidades/4
Completed 302 Found in 111ms


Started GET "/cidades/4" for 127.0.0.1 at 2011-04-07 11:28:28 -0300
  Processing by CidadesController#show as HTML
  Parameters: {"id"=>"4"}
  [1m[36mCidade Load (0.2ms)[0m  [1mSELECT `cidades`.* FROM `cidades` WHERE `cidades`.`id` = 4 LIMIT 1[0m
Rendered cidades/show.html.erb within layouts/application (6.3ms)
Completed 200 OK in 18ms (Views: 9.2ms | ActiveRecord: 0.2ms)


Started GET "/cidades/4/edit" for 127.0.0.1 at 2011-04-07 11:28:30 -0300
  Processing by CidadesController#edit as HTML
  Parameters: {"id"=>"4"}
  [1m[35mCidade Load (0.2ms)[0m  SELECT `cidades`.* FROM `cidades` WHERE `cidades`.`id` = 4 LIMIT 1
Rendered cidades/_form.html.erb (7.2ms)
Rendered cidades/edit.html.erb within layouts/application (10.3ms)
Completed 200 OK in 21ms (Views: 13.2ms | ActiveRecord: 0.2ms)


Started GET "/cidades" for 127.0.0.1 at 2011-04-07 11:28:31 -0300
  Processing by CidadesController#index as HTML
  [1m[36mCidade Load (0.3ms)[0m  [1mSELECT `cidades`.* FROM `cidades`[0m
Rendered cidades/index.html.erb within layouts/application (8.9ms)
Completed 200 OK in 19ms (Views: 12.0ms | ActiveRecord: 0.3ms)


Started GET "/cidades/new" for 127.0.0.1 at 2011-04-07 11:40:28 -0300
  Processing by CidadesController#new as HTML
Completed   in 5ms

SyntaxError (/home/acelerador01/AJ/projetos/leilao/app/models/cidade.rb:8: invalid multibyte char (US-ASCII)
/home/acelerador01/AJ/projetos/leilao/app/models/cidade.rb:8: invalid multibyte char (US-ASCII)
/home/acelerador01/AJ/projetos/leilao/app/models/cidade.rb:8: syntax error, unexpected $end, expecting keyword_end
	validates_uniqueness_of :cid_codigo, :message => "deve ser único"
	                                                             ^):
  app/controllers/cidades_controller.rb:27:in `new'

Rendered /usr/local/lib/ruby/gems/1.9.1/gems/actionpack-3.0.5/lib/action_dispatch/middleware/templates/rescues/_trace.erb (1.1ms)
Rendered /usr/local/lib/ruby/gems/1.9.1/gems/actionpack-3.0.5/lib/action_dispatch/middleware/templates/rescues/_request_and_response.erb (2.5ms)
Rendered /usr/local/lib/ruby/gems/1.9.1/gems/actionpack-3.0.5/lib/action_dispatch/middleware/templates/rescues/diagnostics.erb within rescues/layout (7.1ms)


Started GET "/cidades/new" for 127.0.0.1 at 2011-04-07 11:40:48 -0300
  Processing by CidadesController#new as HTML
Rendered cidades/_form.html.erb (6.1ms)
Rendered cidades/new.html.erb within layouts/application (8.7ms)
Completed 200 OK in 54ms (Views: 11.6ms | ActiveRecord: 0.0ms)


Started POST "/cidades" for 127.0.0.1 at 2011-04-07 11:40:53 -0300
  Processing by CidadesController#create as HTML
  Parameters: {"utf8"=>"✓", "authenticity_token"=>"MEuWvFQ1w+M51bVVbY4XzLuTtiJ1xaoi8jY9XLuJvxA=", "cidade"=>{"cid_codigo"=>"0", "est_codigo"=>"0", "cid_nome"=>"0"}, "commit"=>"Create Cidade"}
  [1m[35mSQL (0.1ms)[0m  BEGIN
  [1m[36mCidade Load (0.2ms)[0m  [1mSELECT `cidades`.`id` FROM `cidades` WHERE (`cidades`.`cid_codigo` = 0) LIMIT 1[0m
  [1m[35mSQL (0.1ms)[0m  ROLLBACK
Rendered cidades/_form.html.erb (3.8ms)
Rendered cidades/new.html.erb within layouts/application (6.6ms)
Completed 200 OK in 53ms (Views: 9.6ms | ActiveRecord: 0.4ms)


Started POST "/cidades" for 127.0.0.1 at 2011-04-07 11:41:04 -0300
  Processing by CidadesController#create as HTML
  Parameters: {"utf8"=>"✓", "authenticity_token"=>"MEuWvFQ1w+M51bVVbY4XzLuTtiJ1xaoi8jY9XLuJvxA=", "cidade"=>{"cid_codigo"=>"0", "est_codigo"=>"sdf", "cid_nome"=>"0sd"}, "commit"=>"Create Cidade"}
  [1m[36mSQL (0.1ms)[0m  [1mBEGIN[0m
  [1m[35mCidade Load (0.1ms)[0m  SELECT `cidades`.`id` FROM `cidades` WHERE (`cidades`.`cid_codigo` = 0) LIMIT 1
  [1m[36mSQL (0.1ms)[0m  [1mROLLBACK[0m
Rendered cidades/_form.html.erb (5.1ms)
Rendered cidades/new.html.erb within layouts/application (8.0ms)
Completed 200 OK in 29ms (Views: 11.0ms | ActiveRecord: 0.2ms)


Started POST "/cidades" for 127.0.0.1 at 2011-04-07 11:41:10 -0300
  Processing by CidadesController#create as HTML
  Parameters: {"utf8"=>"✓", "authenticity_token"=>"MEuWvFQ1w+M51bVVbY4XzLuTtiJ1xaoi8jY9XLuJvxA=", "cidade"=>{"cid_codigo"=>"1", "est_codigo"=>"g", "cid_nome"=>"0sd"}, "commit"=>"Create Cidade"}
  [1m[35mSQL (0.1ms)[0m  BEGIN
  [1m[36mCidade Load (0.2ms)[0m  [1mSELECT `cidades`.`id` FROM `cidades` WHERE (`cidades`.`cid_codigo` = 1) LIMIT 1[0m
  [1m[35mSQL (0.1ms)[0m  ROLLBACK
Rendered cidades/_form.html.erb (3.9ms)
Rendered cidades/new.html.erb within layouts/application (6.6ms)
Completed 200 OK in 27ms (Views: 9.5ms | ActiveRecord: 0.4ms)


Started POST "/cidades" for 127.0.0.1 at 2011-04-07 11:41:13 -0300
  Processing by CidadesController#create as HTML
  Parameters: {"utf8"=>"✓", "authenticity_token"=>"MEuWvFQ1w+M51bVVbY4XzLuTtiJ1xaoi8jY9XLuJvxA=", "cidade"=>{"cid_codigo"=>"1", "est_codigo"=>"0", "cid_nome"=>"0sd"}, "commit"=>"Create Cidade"}
  [1m[36mSQL (0.1ms)[0m  [1mBEGIN[0m
  [1m[35mCidade Load (0.1ms)[0m  SELECT `cidades`.`id` FROM `cidades` WHERE (`cidades`.`cid_codigo` = 1) LIMIT 1
  [1m[36mSQL (0.4ms)[0m  [1mdescribe `cidades`[0m
  [1m[35mAREL (0.1ms)[0m  INSERT INTO `cidades` (`cid_codigo`, `est_codigo`, `cid_nome`, `created_at`, `updated_at`) VALUES (1, 0, '0sd', '2011-04-07 14:41:13', '2011-04-07 14:41:13')
  [1m[36mSQL (44.6ms)[0m  [1mCOMMIT[0m
Redirected to http://localhost:3000/cidades/5
Completed 302 Found in 63ms


Started GET "/cidades/5" for 127.0.0.1 at 2011-04-07 11:41:13 -0300
  Processing by CidadesController#show as HTML
  Parameters: {"id"=>"5"}
  [1m[35mCidade Load (0.2ms)[0m  SELECT `cidades`.* FROM `cidades` WHERE `cidades`.`id` = 5 LIMIT 1
Rendered cidades/show.html.erb within layouts/application (6.5ms)
Completed 200 OK in 20ms (Views: 9.6ms | ActiveRecord: 0.2ms)


Started GET "/cidades" for 127.0.0.1 at 2011-04-07 11:41:15 -0300
  Processing by CidadesController#index as HTML
  [1m[36mCidade Load (0.4ms)[0m  [1mSELECT `cidades`.* FROM `cidades`[0m
Rendered cidades/index.html.erb within layouts/application (10.7ms)
Completed 200 OK in 23ms (Views: 13.6ms | ActiveRecord: 0.4ms)


Started POST "/cidades/4" for 127.0.0.1 at 2011-04-07 11:41:22 -0300
  Processing by CidadesController#destroy as HTML
  Parameters: {"authenticity_token"=>"MEuWvFQ1w+M51bVVbY4XzLuTtiJ1xaoi8jY9XLuJvxA=", "id"=>"4"}
  [1m[35mCidade Load (0.2ms)[0m  SELECT `cidades`.* FROM `cidades` WHERE `cidades`.`id` = 4 LIMIT 1
  [1m[36mSQL (0.1ms)[0m  [1mBEGIN[0m
  [1m[35mAREL (0.2ms)[0m  DELETE FROM `cidades` WHERE `cidades`.`id` = 4
  [1m[36mSQL (55.9ms)[0m  [1mCOMMIT[0m
Redirected to http://localhost:3000/cidades
Completed 302 Found in 73ms


Started GET "/cidades" for 127.0.0.1 at 2011-04-07 11:41:22 -0300
  Processing by CidadesController#index as HTML
  [1m[35mCidade Load (0.3ms)[0m  SELECT `cidades`.* FROM `cidades`
Rendered cidades/index.html.erb within layouts/application (10.4ms)
Completed 200 OK in 23ms (Views: 13.5ms | ActiveRecord: 45.6ms)


Started POST "/cidades/3" for 127.0.0.1 at 2011-04-07 11:41:25 -0300
  Processing by CidadesController#destroy as HTML
  Parameters: {"authenticity_token"=>"MEuWvFQ1w+M51bVVbY4XzLuTtiJ1xaoi8jY9XLuJvxA=", "id"=>"3"}
  [1m[36mCidade Load (0.2ms)[0m  [1mSELECT `cidades`.* FROM `cidades` WHERE `cidades`.`id` = 3 LIMIT 1[0m
  [1m[35mSQL (0.0ms)[0m  BEGIN
  [1m[36mAREL (0.2ms)[0m  [1mDELETE FROM `cidades` WHERE `cidades`.`id` = 3[0m
  [1m[35mSQL (57.4ms)[0m  COMMIT
Redirected to http://localhost:3000/cidades
Completed 302 Found in 73ms


Started GET "/cidades" for 127.0.0.1 at 2011-04-07 11:41:25 -0300
  Processing by CidadesController#index as HTML
  [1m[36mCidade Load (0.2ms)[0m  [1mSELECT `cidades`.* FROM `cidades`[0m
Rendered cidades/index.html.erb within layouts/application (8.2ms)
Completed 200 OK in 20ms (Views: 11.2ms | ActiveRecord: 56.7ms)


Started GET "/clientes" for 127.0.0.1 at 2011-04-07 11:47:34 -0300
  Processing by ClientesController#index as HTML
  [1m[35mCliente Load (0.1ms)[0m  SELECT `clientes`.* FROM `clientes`
Rendered clientes/index.html.erb within layouts/application (2.2ms)
Completed 200 OK in 15ms (Views: 5.2ms | ActiveRecord: 0.1ms)


Started GET "/clientes/new" for 127.0.0.1 at 2011-04-07 11:47:35 -0300
  Processing by ClientesController#new as HTML
Rendered clientes/_form.html.erb (7.0ms)
Rendered clientes/new.html.erb within layouts/application (9.6ms)
Completed 200 OK in 19ms (Views: 12.5ms | ActiveRecord: 0.0ms)


Started POST "/clientes" for 127.0.0.1 at 2011-04-07 11:47:41 -0300
  Processing by ClientesController#create as HTML
  Parameters: {"utf8"=>"✓", "authenticity_token"=>"MEuWvFQ1w+M51bVVbY4XzLuTtiJ1xaoi8jY9XLuJvxA=", "cliente"=>{"cli_cpf"=>"1", "cid_codigo"=>"sdfs", "est_codigo"=>"sdf", "cli_nome"=>"sdf"}, "commit"=>"Create Cliente"}
  [1m[36mSQL (0.1ms)[0m  [1mBEGIN[0m
  [1m[35mCliente Load (0.3ms)[0m  SELECT `clientes`.`id` FROM `clientes` WHERE (`clientes`.`cli_cpf` = BINARY '1') LIMIT 1
  [1m[36mSQL (0.5ms)[0m  [1mdescribe `clientes`[0m
  [1m[35mAREL (0.1ms)[0m  INSERT INTO `clientes` (`cli_cpf`, `cid_codigo`, `est_codigo`, `cli_nome`, `created_at`, `updated_at`) VALUES ('1', 0, 0, 'sdf', '2011-04-07 14:47:41', '2011-04-07 14:47:41')
  [1m[36mSQL (36.5ms)[0m  [1mCOMMIT[0m
Redirected to http://localhost:3000/clientes/1
Completed 302 Found in 72ms


Started GET "/clientes/1" for 127.0.0.1 at 2011-04-07 11:47:41 -0300
  Processing by ClientesController#show as HTML
  Parameters: {"id"=>"1"}
  [1m[35mCliente Load (0.2ms)[0m  SELECT `clientes`.* FROM `clientes` WHERE `clientes`.`id` = 1 LIMIT 1
Rendered clientes/show.html.erb within layouts/application (8.1ms)
Completed 200 OK in 19ms (Views: 11.3ms | ActiveRecord: 0.2ms)


Started GET "/clientes" for 127.0.0.1 at 2011-04-07 11:47:44 -0300
  Processing by ClientesController#index as HTML
  [1m[36mCliente Load (0.2ms)[0m  [1mSELECT `clientes`.* FROM `clientes`[0m
Rendered clientes/index.html.erb within layouts/application (7.9ms)
Completed 200 OK in 45ms (Views: 11.1ms | ActiveRecord: 0.2ms)


Started GET "/clientes/new" for 127.0.0.1 at 2011-04-07 11:47:46 -0300
  Processing by ClientesController#new as HTML
Rendered clientes/_form.html.erb (7.1ms)
Rendered clientes/new.html.erb within layouts/application (9.8ms)
Completed 200 OK in 20ms (Views: 12.7ms | ActiveRecord: 0.0ms)


Started POST "/clientes" for 127.0.0.1 at 2011-04-07 11:47:50 -0300
  Processing by ClientesController#create as HTML
  Parameters: {"utf8"=>"✓", "authenticity_token"=>"MEuWvFQ1w+M51bVVbY4XzLuTtiJ1xaoi8jY9XLuJvxA=", "cliente"=>{"cli_cpf"=>"1", "cid_codigo"=>"fsdfs", "est_codigo"=>"fss", "cli_nome"=>"sdf"}, "commit"=>"Create Cliente"}
  [1m[35mSQL (0.1ms)[0m  BEGIN
  [1m[36mCliente Load (0.2ms)[0m  [1mSELECT `clientes`.`id` FROM `clientes` WHERE (`clientes`.`cli_cpf` = BINARY '1') LIMIT 1[0m
  [1m[35mSQL (0.1ms)[0m  ROLLBACK
Rendered clientes/_form.html.erb (4.9ms)
Rendered clientes/new.html.erb within layouts/application (7.7ms)
Completed 200 OK in 26ms (Views: 10.6ms | ActiveRecord: 0.4ms)


Started POST "/clientes" for 127.0.0.1 at 2011-04-07 11:47:54 -0300
  Processing by ClientesController#create as HTML
  Parameters: {"utf8"=>"✓", "authenticity_token"=>"MEuWvFQ1w+M51bVVbY4XzLuTtiJ1xaoi8jY9XLuJvxA=", "cliente"=>{"cli_cpf"=>"2", "cid_codigo"=>"fsdfs", "est_codigo"=>"fss", "cli_nome"=>"sdf"}, "commit"=>"Create Cliente"}
  [1m[36mSQL (0.1ms)[0m  [1mBEGIN[0m
  [1m[35mCliente Load (0.2ms)[0m  SELECT `clientes`.`id` FROM `clientes` WHERE (`clientes`.`cli_cpf` = BINARY '2') LIMIT 1
  [1m[36mSQL (0.4ms)[0m  [1mdescribe `clientes`[0m
  [1m[35mAREL (0.2ms)[0m  INSERT INTO `clientes` (`cli_cpf`, `cid_codigo`, `est_codigo`, `cli_nome`, `created_at`, `updated_at`) VALUES ('2', 0, 0, 'sdf', '2011-04-07 14:47:54', '2011-04-07 14:47:54')
  [1m[36mSQL (43.0ms)[0m  [1mCOMMIT[0m
Redirected to http://localhost:3000/clientes/2
Completed 302 Found in 59ms


Started GET "/clientes/2" for 127.0.0.1 at 2011-04-07 11:47:54 -0300
  Processing by ClientesController#show as HTML
  Parameters: {"id"=>"2"}
  [1m[35mCliente Load (0.2ms)[0m  SELECT `clientes`.* FROM `clientes` WHERE `clientes`.`id` = 2 LIMIT 1
Rendered clientes/show.html.erb within layouts/application (7.0ms)
Completed 200 OK in 48ms (Views: 10.0ms | ActiveRecord: 0.2ms)


Started GET "/clientes" for 127.0.0.1 at 2011-04-07 11:48:36 -0300
  Processing by ClientesController#index as HTML
  [1m[36mCliente Load (0.3ms)[0m  [1mSELECT `clientes`.* FROM `clientes`[0m
Rendered clientes/index.html.erb within layouts/application (8.6ms)
Completed 200 OK in 19ms (Views: 11.5ms | ActiveRecord: 0.3ms)
  [1m[36mSQL (0.2ms)[0m  [1mSHOW TABLES[0m
  [1m[35mSQL (0.2ms)[0m  SHOW TABLES
  [1m[36mSQL (0.1ms)[0m  [1mSELECT `schema_migrations`.`version` FROM `schema_migrations`[0m
Migrating to CreateClientes (20110407133252)
Migrating to CreateCidades (20110407134401)
Migrating to CreateEstados (20110407151849)
  [1m[35mSQL (96.3ms)[0m  CREATE TABLE `estados` (`id` int(11) DEFAULT NULL auto_increment PRIMARY KEY, `est_codigo` int(11), `est_nome` varchar(255), `est_sigla` varchar(255), `created_at` datetime, `updated_at` datetime) ENGINE=InnoDB
  [1m[36mSQL (40.7ms)[0m  [1mINSERT INTO `schema_migrations` (`version`) VALUES ('20110407151849')[0m
  [1m[35mSQL (0.3ms)[0m  SHOW TABLES
  [1m[36mSQL (0.1ms)[0m  [1mSELECT `schema_migrations`.`version` FROM `schema_migrations`[0m
  [1m[35mSQL (0.2ms)[0m  SHOW TABLES
  [1m[36mSQL (0.3ms)[0m  [1mdescribe `cidades`[0m
  [1m[35mSQL (0.2ms)[0m  SHOW KEYS FROM `cidades`
  [1m[36mSQL (0.3ms)[0m  [1mdescribe `clientes`[0m
  [1m[35mSQL (0.2ms)[0m  SHOW KEYS FROM `clientes`
  [1m[36mSQL (0.3ms)[0m  [1mdescribe `estados`[0m
  [1m[35mSQL (0.1ms)[0m  SHOW KEYS FROM `estados`
  [1m[36mSQL (0.2ms)[0m  [1mSHOW TABLES[0m
  [1m[35mSQL (0.2ms)[0m  SHOW TABLES
  [1m[36mSQL (0.1ms)[0m  [1mSELECT `schema_migrations`.`version` FROM `schema_migrations`[0m
Migrating to CreateClientes (20110407133252)
Migrating to CreateCidades (20110407134401)
Migrating to CreateEstados (20110407151849)
  [1m[35mSQL (0.3ms)[0m  SHOW TABLES
  [1m[36mSQL (0.0ms)[0m  [1mSELECT `schema_migrations`.`version` FROM `schema_migrations`[0m
  [1m[35mSQL (0.2ms)[0m  SHOW TABLES
  [1m[36mSQL (0.3ms)[0m  [1mdescribe `cidades`[0m
  [1m[35mSQL (0.2ms)[0m  SHOW KEYS FROM `cidades`
  [1m[36mSQL (0.3ms)[0m  [1mdescribe `clientes`[0m
  [1m[35mSQL (0.2ms)[0m  SHOW KEYS FROM `clientes`
  [1m[36mSQL (0.3ms)[0m  [1mdescribe `estados`[0m
  [1m[35mSQL (0.1ms)[0m  SHOW KEYS FROM `estados`


Started GET "/estados" for 127.0.0.1 at 2011-04-07 12:21:01 -0300
  Processing by EstadosController#index as HTML
  [1m[35mEstado Load (0.3ms)[0m  SELECT `estados`.* FROM `estados`
Rendered estados/index.html.erb within layouts/application (2.0ms)
Completed 200 OK in 12ms (Views: 5.1ms | ActiveRecord: 0.3ms)


Started GET "/estados/new" for 127.0.0.1 at 2011-04-07 12:21:03 -0300
  Processing by EstadosController#new as HTML
Rendered estados/_form.html.erb (6.6ms)
Rendered estados/new.html.erb within layouts/application (9.3ms)
Completed 200 OK in 48ms (Views: 12.3ms | ActiveRecord: 0.0ms)


Started GET "/estados" for 127.0.0.1 at 2011-04-07 12:21:05 -0300
  Processing by EstadosController#index as HTML
  [1m[36mEstado Load (0.1ms)[0m  [1mSELECT `estados`.* FROM `estados`[0m
Rendered estados/index.html.erb within layouts/application (2.0ms)
Completed 200 OK in 12ms (Views: 5.0ms | ActiveRecord: 0.1ms)


Started GET "/estados/new" for 127.0.0.1 at 2011-04-07 12:21:26 -0300
  Processing by EstadosController#new as HTML
Rendered estados/_form.html.erb (6.5ms)
Rendered estados/new.html.erb within layouts/application (9.1ms)
Completed 200 OK in 47ms (Views: 12.0ms | ActiveRecord: 0.0ms)
  [1m[36mSQL (0.2ms)[0m  [1mSHOW TABLES[0m
  [1m[35mSQL (0.2ms)[0m  SHOW TABLES
  [1m[36mSQL (0.1ms)[0m  [1mSELECT `schema_migrations`.`version` FROM `schema_migrations`[0m
Migrating to CreateClientes (20110407133252)
Migrating to CreateCidades (20110407134401)
Migrating to CreateEstados (20110407151849)
  [1m[35mSQL (0.3ms)[0m  SHOW TABLES
  [1m[36mSQL (0.1ms)[0m  [1mSELECT `schema_migrations`.`version` FROM `schema_migrations`[0m
  [1m[35mSQL (0.2ms)[0m  SHOW TABLES
  [1m[36mSQL (0.3ms)[0m  [1mdescribe `cidades`[0m
  [1m[35mSQL (0.2ms)[0m  SHOW KEYS FROM `cidades`
  [1m[36mSQL (0.3ms)[0m  [1mdescribe `clientes`[0m
  [1m[35mSQL (0.2ms)[0m  SHOW KEYS FROM `clientes`
  [1m[36mSQL (0.3ms)[0m  [1mdescribe `estados`[0m
  [1m[35mSQL (0.2ms)[0m  SHOW KEYS FROM `estados`
