

Started GET "/state" for 127.0.0.1 at 2011-04-11 11:44:12 -0300

ActionController::RoutingError (No route matches "/state"):
  

Rendered /usr/local/lib/ruby/gems/1.9.1/gems/actionpack-3.0.5/lib/action_dispatch/middleware/templates/rescues/routing_error.erb within rescues/layout (1.0ms)


Started GET "/states" for 127.0.0.1 at 2011-04-11 11:44:14 -0300
  Processing by StatesController#index as HTML
Completed   in 4ms

SyntaxError (/home/acelerador01/Projetos/Ruby/leilao/app/models/state.rb:2: syntax error, unexpected ':', expecting keyword_end
	has_many: :cities
	         ^):
  app/controllers/states_controller.rb:5:in `index'

Rendered /usr/local/lib/ruby/gems/1.9.1/gems/actionpack-3.0.5/lib/action_dispatch/middleware/templates/rescues/_trace.erb (1.1ms)
Rendered /usr/local/lib/ruby/gems/1.9.1/gems/actionpack-3.0.5/lib/action_dispatch/middleware/templates/rescues/_request_and_response.erb (2.1ms)
Rendered /usr/local/lib/ruby/gems/1.9.1/gems/actionpack-3.0.5/lib/action_dispatch/middleware/templates/rescues/diagnostics.erb within rescues/layout (6.6ms)


Started GET "/states" for 127.0.0.1 at 2011-04-11 11:44:32 -0300
  Processing by StatesController#index as HTML
  [1m[36mState Load (0.4ms)[0m  [1mSELECT `states`.* FROM `states`[0m
Mysql2::Error: Table 'leilao_development.states' doesn't exist: SELECT `states`.* FROM `states`
Completed   in 100ms

ActiveRecord::StatementInvalid (Mysql2::Error: Table 'leilao_development.states' doesn't exist: SELECT `states`.* FROM `states`):
  app/controllers/states_controller.rb:5:in `index'

Rendered /usr/local/lib/ruby/gems/1.9.1/gems/actionpack-3.0.5/lib/action_dispatch/middleware/templates/rescues/_trace.erb (1.0ms)
Rendered /usr/local/lib/ruby/gems/1.9.1/gems/actionpack-3.0.5/lib/action_dispatch/middleware/templates/rescues/_request_and_response.erb (2.1ms)
Rendered /usr/local/lib/ruby/gems/1.9.1/gems/actionpack-3.0.5/lib/action_dispatch/middleware/templates/rescues/diagnostics.erb within rescues/layout (6.0ms)
  [1m[36mSQL (0.2ms)[0m  [1mSHOW TABLES[0m
  [1m[35mSQL (105.6ms)[0m  CREATE TABLE `schema_migrations` (`version` varchar(255) NOT NULL) ENGINE=InnoDB
  [1m[36mSQL (0.3ms)[0m  [1mSHOW KEYS FROM `schema_migrations`[0m
  [1m[35mSQL (174.6ms)[0m  CREATE UNIQUE INDEX `unique_schema_migrations` ON `schema_migrations` (`version`)
  [1m[36mSQL (0.2ms)[0m  [1mSHOW TABLES[0m
  [1m[35mSQL (0.1ms)[0m  SHOW TABLES
  [1m[36mSQL (0.2ms)[0m  [1mSELECT `schema_migrations`.`version` FROM `schema_migrations`[0m
Migrating to CreateStates (20110411131113)
  [1m[35mSQL (104.1ms)[0m  CREATE TABLE `states` (`id` int(11) DEFAULT NULL auto_increment PRIMARY KEY, `name` varchar(255), `acronym` varchar(255), `created_at` datetime, `updated_at` datetime) ENGINE=InnoDB
  [1m[36mSQL (40.7ms)[0m  [1mINSERT INTO `schema_migrations` (`version`) VALUES ('20110411131113')[0m
Migrating to CreateCities (20110411131229)
  [1m[35mSQL (131.5ms)[0m  CREATE TABLE `cities` (`id` int(11) DEFAULT NULL auto_increment PRIMARY KEY, `est_code` int(11), `name` varchar(255), `created_at` datetime, `updated_at` datetime) ENGINE=InnoDB
  [1m[36mSQL (40.7ms)[0m  [1mINSERT INTO `schema_migrations` (`version`) VALUES ('20110411131229')[0m
Migrating to CreateClients (20110411132102)
  [1m[35mSQL (98.3ms)[0m  CREATE TABLE `clients` (`id` int(11) DEFAULT NULL auto_increment PRIMARY KEY, `cpf` varchar(255), `cit_code` int(11), `name` varchar(255), `created_at` datetime, `updated_at` datetime) ENGINE=InnoDB
  [1m[36mSQL (40.8ms)[0m  [1mINSERT INTO `schema_migrations` (`version`) VALUES ('20110411132102')[0m
Migrating to CreateAuctions (20110411134553)
  [1m[35mSQL (98.0ms)[0m  CREATE TABLE `auctions` (`id` int(11) DEFAULT NULL auto_increment PRIMARY KEY, `car_code` int(11), `auction_start` datetime, `initial_value` decimal, `buy_now_value` decimal, `capping_value` decimal, `status` tinyint(1), `created_at` datetime, `updated_at` datetime) ENGINE=InnoDB
  [1m[36mSQL (49.0ms)[0m  [1mINSERT INTO `schema_migrations` (`version`) VALUES ('20110411134553')[0m
Migrating to CreateCars (20110411140258)
  [1m[35mSQL (81.3ms)[0m  CREATE TABLE `cars` (`id` int(11) DEFAULT NULL auto_increment PRIMARY KEY, `mod_code` int(11), `engine` varchar(255), `plate` varchar(255), `colour` varchar(255), `mileage` int(11), `manufacture_year` int(11), `model_year` int(11), `comments` text, `created_at` datetime, `updated_at` datetime) ENGINE=InnoDB
  [1m[36mSQL (40.8ms)[0m  [1mINSERT INTO `schema_migrations` (`version`) VALUES ('20110411140258')[0m
Migrating to CreateFuels (20110411140559)
  [1m[35mSQL (73.2ms)[0m  CREATE TABLE `fuels` (`id` int(11) DEFAULT NULL auto_increment PRIMARY KEY, `name` varchar(255), `created_at` datetime, `updated_at` datetime) ENGINE=InnoDB
  [1m[36mSQL (40.8ms)[0m  [1mINSERT INTO `schema_migrations` (`version`) VALUES ('20110411140559')[0m
  [1m[35mSQL (0.3ms)[0m  SHOW TABLES
  [1m[36mSQL (0.1ms)[0m  [1mSELECT `schema_migrations`.`version` FROM `schema_migrations`[0m
  [1m[35mSQL (0.2ms)[0m  SHOW TABLES
  [1m[36mSQL (0.4ms)[0m  [1mdescribe `auctions`[0m
  [1m[35mSQL (0.2ms)[0m  SHOW KEYS FROM `auctions`
  [1m[36mSQL (0.4ms)[0m  [1mdescribe `cars`[0m
  [1m[35mSQL (0.2ms)[0m  SHOW KEYS FROM `cars`
  [1m[36mSQL (0.3ms)[0m  [1mdescribe `cities`[0m
  [1m[35mSQL (0.2ms)[0m  SHOW KEYS FROM `cities`
  [1m[36mSQL (0.3ms)[0m  [1mdescribe `clients`[0m
  [1m[35mSQL (0.2ms)[0m  SHOW KEYS FROM `clients`
  [1m[36mSQL (0.3ms)[0m  [1mdescribe `fuels`[0m
  [1m[35mSQL (0.1ms)[0m  SHOW KEYS FROM `fuels`
  [1m[36mSQL (0.3ms)[0m  [1mdescribe `states`[0m
  [1m[35mSQL (0.2ms)[0m  SHOW KEYS FROM `states`


Started GET "/states" for 127.0.0.1 at 2011-04-11 11:45:31 -0300
  Processing by StatesController#index as HTML
  [1m[35mState Load (0.3ms)[0m  SELECT `states`.* FROM `states`
Rendered states/index.html.erb within layouts/application (2.1ms)
Completed 200 OK in 16ms (Views: 5.5ms | ActiveRecord: 0.3ms)


Started GET "/states/new" for 127.0.0.1 at 2011-04-11 11:45:33 -0300
  Processing by StatesController#new as HTML
Rendered states/_form.html.erb (56.4ms)
Rendered states/new.html.erb within layouts/application (59.4ms)
Completed 200 OK in 74ms (Views: 62.8ms | ActiveRecord: 0.0ms)


Started POST "/states" for 127.0.0.1 at 2011-04-11 11:45:34 -0300
  Processing by StatesController#create as HTML
  Parameters: {"utf8"=>"✓", "authenticity_token"=>"+EUMNdr6yS4JUdJvTCkpr3BjeZwSv9B6zSSyyS4RBVY=", "state"=>{"name"=>"", "acronym"=>""}, "commit"=>"Create State"}
  [1m[36mSQL (0.1ms)[0m  [1mBEGIN[0m
  [1m[35mSQL (0.3ms)[0m  SHOW TABLES
  [1m[36mState Load (0.2ms)[0m  [1mSELECT `states`.`id` FROM `states` WHERE (`states`.`name` = BINARY '') LIMIT 1[0m
  [1m[35mState Load (0.2ms)[0m  SELECT `states`.`id` FROM `states` WHERE (`states`.`acronym` = BINARY '') LIMIT 1
  [1m[36mSQL (0.1ms)[0m  [1mROLLBACK[0m
Rendered states/_form.html.erb (6.8ms)
Rendered states/new.html.erb within layouts/application (9.6ms)
Completed 200 OK in 57ms (Views: 12.6ms | ActiveRecord: 0.9ms)


Started POST "/states" for 127.0.0.1 at 2011-04-11 11:45:42 -0300
  Processing by StatesController#create as HTML
  Parameters: {"utf8"=>"✓", "authenticity_token"=>"+EUMNdr6yS4JUdJvTCkpr3BjeZwSv9B6zSSyyS4RBVY=", "state"=>{"name"=>"Maranhão", "acronym"=>""}, "commit"=>"Create State"}
  [1m[35mSQL (0.2ms)[0m  BEGIN
  [1m[36mState Load (0.6ms)[0m  [1mSELECT `states`.`id` FROM `states` WHERE (`states`.`name` = BINARY 'Maranhão') LIMIT 1[0m
  [1m[35mState Load (0.2ms)[0m  SELECT `states`.`id` FROM `states` WHERE (`states`.`acronym` = BINARY '') LIMIT 1
  [1m[36mSQL (0.1ms)[0m  [1mROLLBACK[0m
Rendered states/_form.html.erb (6.5ms)
Rendered states/new.html.erb within layouts/application (10.0ms)
Completed 200 OK in 36ms (Views: 13.4ms | ActiveRecord: 1.0ms)


Started POST "/states" for 127.0.0.1 at 2011-04-11 11:45:46 -0300
  Processing by StatesController#create as HTML
  Parameters: {"utf8"=>"✓", "authenticity_token"=>"+EUMNdr6yS4JUdJvTCkpr3BjeZwSv9B6zSSyyS4RBVY=", "state"=>{"name"=>"Maranhão", "acronym"=>"w33"}, "commit"=>"Create State"}
  [1m[35mSQL (0.2ms)[0m  BEGIN
  [1m[36mState Load (0.1ms)[0m  [1mSELECT `states`.`id` FROM `states` WHERE (`states`.`name` = BINARY 'Maranhão') LIMIT 1[0m
  [1m[35mState Load (0.2ms)[0m  SELECT `states`.`id` FROM `states` WHERE (`states`.`acronym` = BINARY 'w33') LIMIT 1
  [1m[36mSQL (0.1ms)[0m  [1mROLLBACK[0m
Rendered states/_form.html.erb (3.4ms)
Rendered states/new.html.erb within layouts/application (6.1ms)
Completed 200 OK in 27ms (Views: 9.0ms | ActiveRecord: 0.5ms)


Started POST "/states" for 127.0.0.1 at 2011-04-11 11:45:53 -0300
  Processing by StatesController#create as HTML
  Parameters: {"utf8"=>"✓", "authenticity_token"=>"+EUMNdr6yS4JUdJvTCkpr3BjeZwSv9B6zSSyyS4RBVY=", "state"=>{"name"=>"Maranhão", "acronym"=>"MA"}, "commit"=>"Create State"}
  [1m[35mSQL (0.2ms)[0m  BEGIN
  [1m[36mState Load (0.1ms)[0m  [1mSELECT `states`.`id` FROM `states` WHERE (`states`.`name` = BINARY 'Maranhão') LIMIT 1[0m
  [1m[35mState Load (0.2ms)[0m  SELECT `states`.`id` FROM `states` WHERE (`states`.`acronym` = BINARY 'MA') LIMIT 1
  [1m[36mSQL (0.1ms)[0m  [1mROLLBACK[0m
Rendered states/_form.html.erb (3.5ms)
Rendered states/new.html.erb within layouts/application (6.3ms)
Completed 200 OK in 31ms (Views: 9.2ms | ActiveRecord: 0.6ms)


Started POST "/states" for 127.0.0.1 at 2011-04-11 11:46:00 -0300
  Processing by StatesController#create as HTML
  Parameters: {"utf8"=>"✓", "authenticity_token"=>"+EUMNdr6yS4JUdJvTCkpr3BjeZwSv9B6zSSyyS4RBVY=", "state"=>{"name"=>"Maranhão", "acronym"=>"MA"}, "commit"=>"Create State"}
  [1m[35mSQL (0.1ms)[0m  BEGIN
  [1m[36mState Load (0.1ms)[0m  [1mSELECT `states`.`id` FROM `states` WHERE (`states`.`name` = BINARY 'Maranhão') LIMIT 1[0m
  [1m[35mState Load (0.1ms)[0m  SELECT `states`.`id` FROM `states` WHERE (`states`.`acronym` = BINARY 'MA') LIMIT 1
  [1m[36mSQL (0.1ms)[0m  [1mROLLBACK[0m
Rendered states/_form.html.erb (3.4ms)
Rendered states/new.html.erb within layouts/application (6.1ms)
Completed 200 OK in 27ms (Views: 9.3ms | ActiveRecord: 0.3ms)


Started POST "/states" for 127.0.0.1 at 2011-04-11 11:46:24 -0300
  Processing by StatesController#create as HTML
  Parameters: {"utf8"=>"✓", "authenticity_token"=>"+EUMNdr6yS4JUdJvTCkpr3BjeZwSv9B6zSSyyS4RBVY=", "state"=>{"name"=>"Maranhão", "acronym"=>"MAA"}, "commit"=>"Create State"}
  [1m[35mSQL (0.1ms)[0m  BEGIN
  [1m[36mState Load (0.1ms)[0m  [1mSELECT `states`.`id` FROM `states` WHERE (`states`.`name` = BINARY 'Maranhão') LIMIT 1[0m
  [1m[35mState Load (0.2ms)[0m  SELECT `states`.`id` FROM `states` WHERE (`states`.`acronym` = BINARY 'MAA') LIMIT 1
  [1m[36mSQL (0.1ms)[0m  [1mROLLBACK[0m
Rendered states/_form.html.erb (3.6ms)
Rendered states/new.html.erb within layouts/application (6.3ms)
Completed 200 OK in 27ms (Views: 9.2ms | ActiveRecord: 0.4ms)


Started POST "/states" for 127.0.0.1 at 2011-04-11 11:46:29 -0300
  Processing by StatesController#create as HTML
  Parameters: {"utf8"=>"✓", "authenticity_token"=>"+EUMNdr6yS4JUdJvTCkpr3BjeZwSv9B6zSSyyS4RBVY=", "state"=>{"name"=>"Maranhão", "acronym"=>"M"}, "commit"=>"Create State"}
  [1m[35mSQL (0.1ms)[0m  BEGIN
  [1m[36mState Load (0.1ms)[0m  [1mSELECT `states`.`id` FROM `states` WHERE (`states`.`name` = BINARY 'Maranhão') LIMIT 1[0m
  [1m[35mState Load (0.3ms)[0m  SELECT `states`.`id` FROM `states` WHERE (`states`.`acronym` = BINARY 'M') LIMIT 1
  [1m[36mSQL (0.1ms)[0m  [1mROLLBACK[0m
Rendered states/_form.html.erb (3.4ms)
Rendered states/new.html.erb within layouts/application (32.3ms)
Completed 200 OK in 56ms (Views: 35.3ms | ActiveRecord: 0.6ms)


Started POST "/states" for 127.0.0.1 at 2011-04-11 11:47:25 -0300
  Processing by StatesController#create as HTML
  Parameters: {"utf8"=>"✓", "authenticity_token"=>"+EUMNdr6yS4JUdJvTCkpr3BjeZwSv9B6zSSyyS4RBVY=", "state"=>{"name"=>"Maranhão", "acronym"=>"M"}, "commit"=>"Create State"}
  [1m[35mSQL (0.2ms)[0m  BEGIN
  [1m[36mState Load (0.1ms)[0m  [1mSELECT `states`.`id` FROM `states` WHERE (`states`.`name` = BINARY 'Maranhão') LIMIT 1[0m
  [1m[35mState Load (0.1ms)[0m  SELECT `states`.`id` FROM `states` WHERE (`states`.`acronym` = BINARY 'M') LIMIT 1
  [1m[36mSQL (0.1ms)[0m  [1mROLLBACK[0m
Rendered states/_form.html.erb (3.7ms)
Rendered states/new.html.erb within layouts/application (6.4ms)
Completed 200 OK in 34ms (Views: 10.0ms | ActiveRecord: 0.5ms)


Started POST "/states" for 127.0.0.1 at 2011-04-11 11:47:30 -0300
  Processing by StatesController#create as HTML
  Parameters: {"utf8"=>"✓", "authenticity_token"=>"+EUMNdr6yS4JUdJvTCkpr3BjeZwSv9B6zSSyyS4RBVY=", "state"=>{"name"=>"Maranhão", "acronym"=>"MA"}, "commit"=>"Create State"}
  [1m[35mSQL (0.1ms)[0m  BEGIN
  [1m[36mState Load (0.1ms)[0m  [1mSELECT `states`.`id` FROM `states` WHERE (`states`.`name` = BINARY 'Maranhão') LIMIT 1[0m
  [1m[35mState Load (0.1ms)[0m  SELECT `states`.`id` FROM `states` WHERE (`states`.`acronym` = BINARY 'MA') LIMIT 1
  [1m[36mSQL (0.4ms)[0m  [1mdescribe `states`[0m
  [1m[35mAREL (0.2ms)[0m  INSERT INTO `states` (`name`, `acronym`, `created_at`, `updated_at`) VALUES ('Maranhão', 'MA', '2011-04-11 14:47:30', '2011-04-11 14:47:30')
  [1m[36mSQL (34.0ms)[0m  [1mCOMMIT[0m
Redirected to http://localhost:3000/states/1
Completed 302 Found in 52ms


Started GET "/states/1" for 127.0.0.1 at 2011-04-11 11:47:30 -0300
  Processing by StatesController#show as HTML
  Parameters: {"id"=>"1"}
  [1m[35mState Load (0.2ms)[0m  SELECT `states`.* FROM `states` WHERE `states`.`id` = 1 LIMIT 1
Rendered states/show.html.erb within layouts/application (6.4ms)
Completed 200 OK in 21ms (Views: 9.4ms | ActiveRecord: 0.2ms)
